Arguments: 
  C:\Program Files (x86)\nodejs\node.exe C:\Users\Frizz\AppData\Roaming\npm\node_modules\yarn\bin\yarn.js start

PATH: 
  C:\Program Files (x86)\Intel\iCLS Client\;C:\Program Files\Intel\iCLS Client\;C:\WINDOWS\system32;C:\WINDOWS;C:\WINDOWS\System32\Wbem;C:\WINDOWS\System32\WindowsPowerShell\v1.0\;C:\Program Files (x86)\Intel\Intel(R) Management Engine Components\DAL;C:\Program Files\Intel\Intel(R) Management Engine Components\DAL;C:\Program Files (x86)\Intel\Intel(R) Management Engine Components\IPT;C:\Program Files\Intel\Intel(R) Management Engine Components\IPT;C:\WINDOWS\system32\config\systemprofile\.dnx\bin;C:\Program Files\Microsoft DNX\Dnvm\;C:\Program Files\Microsoft SQL Server\130\Tools\Binn\;C:\Program Files (x86)\GtkSharp\2.12\bin;C:\Program Files\Microsoft SQL Server\120\Tools\Binn\;C:\Program Files\Git\cmd;C:\Program Files (x86)\Windows Kits\10\Windows Performance Toolkit\;C:\Program Files\Intel\WiFi\bin\;C:\Program Files\Common Files\Intel\WirelessCommon\;C:\Program Files\PuTTY\;C:\Program Files\dotnet\;C:\Program Files (x86)\nodejs\;C:\Program Files (x86)\PuTTY\;C:\WINDOWS\System32\OpenSSH\;C:\Program Files\OpenSSH\bin;C:\Users\Frizz\AppData\Local\Microsoft\WindowsApps;C:\Program Files\Intel\WiFi\bin\;C:\Program Files\Common Files\Intel\WirelessCommon\;C:\Users\Frizz\AppData\Roaming\npm

Yarn version: 
  1.5.1

Node version: 
  8.9.4

Platform: 
  win32 x64

npm manifest: 
  No manifest

yarn manifest: 
  No manifest

Lockfile: 
  No lockfile

Trace: 
  Error: Couldn't find a package.json file in "C:\\Users\\Frizz\\Desktop\\CSC 3380\\Aesthetik_2\\the-program-pals"
      at new MessageError (C:\Users\Frizz\AppData\Roaming\npm\node_modules\yarn\lib\cli.js:186:110)
      at C:\Users\Frizz\AppData\Roaming\npm\node_modules\yarn\lib\cli.js:40048:15
      at Generator.next (<anonymous>)
      at step (C:\Users\Frizz\AppData\Roaming\npm\node_modules\yarn\lib\cli.js:98:30)
      at C:\Users\Frizz\AppData\Roaming\npm\node_modules\yarn\lib\cli.js:109:13
      at <anonymous>
